2023-03-30 09:24:02.223 INFO  (main) [] o.e.j.s.Server jetty-10.0.13; built: 2022-12-07T20:13:20.134Z; git: 1c2636ea05c0ca8de1ffd6ca7f3a98ac084c766d; jvm 20+36-2344
2023-03-30 09:24:03.223 WARN  (main) [] o.e.j.u.DeprecationWarning Using @Deprecated Class org.eclipse.jetty.servlet.listener.ELContextCleaner
2023-03-30 09:24:03.261 INFO  (main) [] o.a.s.s.CoreContainerProvider Using logger factory org.apache.logging.slf4j.Log4jLoggerFactory
2023-03-30 09:24:03.270 INFO  (main) [] o.a.s.s.CoreContainerProvider  ___      _       Welcome to Apache Solr™ version 9.2.0
2023-03-30 09:24:03.270 INFO  (main) [] o.a.s.s.CoreContainerProvider / __| ___| |_ _   Starting in standalone mode on port 8983
2023-03-30 09:24:03.271 INFO  (main) [] o.a.s.s.CoreContainerProvider \__ \/ _ \ | '_|  Install dir: C:\Users\User\Desktop\3.2\CZ4034 Information Retrieval\Assignment\CE-CZ4034-Information-Retrieval-Group-Project\solr-9.2.0
2023-03-30 09:24:03.271 INFO  (main) [] o.a.s.s.CoreContainerProvider |___/\___/_|_|    Start time: 2023-03-30T09:24:03.271023100Z
2023-03-30 09:24:03.274 INFO  (main) [] o.a.s.s.CoreContainerProvider Solr started with "-XX:+CrashOnOutOfMemoryError" that will crash on any OutOfMemoryError exception. The cause of the OOME will be logged in the crash file at the following path: C:\Users\User\Desktop\3.2\CZ4034 Information Retrieval\Assignment\CE-CZ4034-Information-Retrieval-Group-Project\solr-9.2.0\server\logs\jvm_crash_11324.log
2023-03-30 09:24:03.304 INFO  (main) [] o.a.s.s.CoreContainerProvider Solr Home: C:\Users\User\Desktop\3.2\CZ4034 Information Retrieval\Assignment\CE-CZ4034-Information-Retrieval-Group-Project\solr-9.2.0\server\solr (source: system property: solr.solr.home)
2023-03-30 09:24:03.311 INFO  (main) [] o.a.s.c.SolrXmlConfig Loading solr.xml from C:\Users\User\Desktop\3.2\CZ4034 Information Retrieval\Assignment\CE-CZ4034-Information-Retrieval-Group-Project\solr-9.2.0\server\solr\solr.xml
2023-03-30 09:24:03.599 INFO  (main) [] o.a.s.c.SolrResourceLoader Added 1 libs to classloader, from paths: [/C:/Users/User/Desktop/3.2/CZ4034%20Information%20Retrieval/Assignment/CE-CZ4034-Information-Retrieval-Group-Project/solr-9.2.0/lib]
2023-03-30 09:24:06.109 WARN  (main) [] o.a.s.u.StartupLoggingUtils Jetty request logging enabled. Will retain logs for last 3 days. See chapter "Configuring Logging" in reference guide for how to configure.
2023-03-30 09:24:06.113 WARN  (main) [] o.a.s.c.CoreContainer Not all security plugins configured!  authentication=disabled authorization=disabled.  Solr is only as secure as you make it. Consider configuring authentication/authorization before exposing Solr to users internal or external.  See https://s.apache.org/solrsecurity for more info
2023-03-30 09:24:06.572 INFO  (main) [] o.a.s.c.CorePropertiesLocator Found 1 core definitions underneath C:\Users\User\Desktop\3.2\CZ4034 Information Retrieval\Assignment\CE-CZ4034-Information-Retrieval-Group-Project\solr-9.2.0\server\solr
2023-03-30 09:24:06.573 INFO  (main) [] o.a.s.c.CorePropertiesLocator Cores are: [movie]
2023-03-30 09:24:06.625 INFO  (coreLoadExecutor-10-thread-1) [ x:movie] o.a.s.c.SolrConfig Using Lucene MatchVersion: 9.4.0
2023-03-30 09:24:06.748 INFO  (coreLoadExecutor-10-thread-1) [ x:movie] o.a.s.s.IndexSchema Schema name=default-config
2023-03-30 09:24:07.312 INFO  (coreLoadExecutor-10-thread-1) [ x:movie] o.a.s.s.IndexSchema Loaded schema default-config/1.6 with uniqueid field id
2023-03-30 09:24:07.313 INFO  (coreLoadExecutor-10-thread-1) [ x:movie] o.a.s.c.CoreContainer Creating SolrCore 'movie' using configuration from instancedir C:\Users\User\Desktop\3.2\CZ4034 Information Retrieval\Assignment\CE-CZ4034-Information-Retrieval-Group-Project\solr-9.2.0\server\solr\movie, trusted=true
2023-03-30 09:24:07.347 INFO  (main) [] o.a.s.j.SolrRequestAuthorizer Creating a new SolrRequestAuthorizer
2023-03-30 09:24:07.381 INFO  (coreLoadExecutor-10-thread-1) [ x:movie] o.a.s.c.SolrCore Opening new SolrCore at [C:\Users\User\Desktop\3.2\CZ4034 Information Retrieval\Assignment\CE-CZ4034-Information-Retrieval-Group-Project\solr-9.2.0\server\solr\movie], dataDir=[C:\Users\User\Desktop\3.2\CZ4034 Information Retrieval\Assignment\CE-CZ4034-Information-Retrieval-Group-Project\solr-9.2.0\server\solr\movie\data\]
2023-03-30 09:24:08.477 INFO  (coreLoadExecutor-10-thread-1) [ x:movie] o.a.s.j.SolrRequestAuthorizer Creating a new SolrRequestAuthorizer
2023-03-30 09:24:08.526 INFO  (coreLoadExecutor-10-thread-1) [ x:movie] o.a.s.u.UpdateHandler Using UpdateLog implementation: org.apache.solr.update.UpdateLog
2023-03-30 09:24:08.527 INFO  (coreLoadExecutor-10-thread-1) [ x:movie] o.a.s.u.UpdateLog Initializing UpdateLog: dataDir= defaultSyncLevel=FLUSH numRecordsToKeep=100 maxNumLogsToKeep=10 numVersionBuckets=65536
2023-03-30 09:24:08.709 INFO  (coreLoadExecutor-10-thread-1) [ x:movie] o.a.s.u.CommitTracker Hard AutoCommit: if uncommitted for 15000ms; 
2023-03-30 09:24:08.710 INFO  (coreLoadExecutor-10-thread-1) [ x:movie] o.a.s.u.CommitTracker Soft AutoCommit: disabled
2023-03-30 09:24:09.486 INFO  (coreLoadExecutor-10-thread-1) [ x:movie] o.a.s.r.ManagedResourceStorage File-based storage initialized to use dir: C:\Users\User\Desktop\3.2\CZ4034 Information Retrieval\Assignment\CE-CZ4034-Information-Retrieval-Group-Project\solr-9.2.0\server\solr\movie\conf
2023-03-30 09:24:09.549 INFO  (coreLoadExecutor-10-thread-1) [ x:movie] o.a.s.s.DirectSolrSpellChecker init: {maxEdits=2, minPrefix=1, maxInspections=5, minQueryLength=4, name=default, field=Movie_Name, classname=solr.DirectSolrSpellChecker, distanceMeasure=internal, accuracy=0.5, maxQueryFrequency=0.01}
2023-03-30 09:24:09.585 INFO  (coreLoadExecutor-10-thread-1) [ x:movie] o.a.s.h.ReplicationHandler Commits will be reserved for 10000 ms
2023-03-30 09:24:09.640 INFO  (searcherExecutor-12-thread-1-processing-movie) [ x:movie] o.a.s.c.QuerySenderListener QuerySenderListener done.
2023-03-30 09:24:09.640 INFO  (searcherExecutor-12-thread-1-processing-movie) [ x:movie] o.a.s.h.c.SpellCheckComponent Loading spell index for spellchecker: default
2023-03-30 09:24:09.655 INFO  (main) [] o.e.j.s.h.ContextHandler Started o.e.j.w.WebAppContext@27a0a5a2{solr-jetty-context.xml,/solr,file:///C:/Users/User/Desktop/3.2/CZ4034%20Information%20Retrieval/Assignment/CE-CZ4034-Information-Retrieval-Group-Project/solr-9.2.0/server/solr-webapp/webapp/,AVAILABLE}{C:\Users\User\Desktop\3.2\CZ4034 Information Retrieval\Assignment\CE-CZ4034-Information-Retrieval-Group-Project\solr-9.2.0\server/solr-webapp/webapp}
2023-03-30 09:24:09.666 INFO  (searcherExecutor-12-thread-1-processing-movie) [ x:movie] o.a.s.c.SolrCore Registered new searcher autowarm time: 0 ms
2023-03-30 09:24:09.679 INFO  (main) [] o.e.j.s.RequestLogWriter Opened C:\Users\User\Desktop\3.2\CZ4034 Information Retrieval\Assignment\CE-CZ4034-Information-Retrieval-Group-Project\solr-9.2.0\server\logs\2023_03_30.request.log
2023-03-30 09:24:09.705 INFO  (main) [] o.e.j.s.AbstractConnector Started ServerConnector@30ea8c23{HTTP/1.1, (http/1.1, h2c)}{127.0.0.1:8983}
2023-03-30 09:24:09.712 INFO  (main) [] o.e.j.s.Server Started Server@7bb3a9fe{STARTING}[10.0.13,sto=0] @10333ms
2023-03-30 09:24:09.900 INFO  (qtp1635378213-39) [] o.a.s.s.HttpSolrCall [admin] webapp=null path=/admin/info/system params={wt=json} status=0 QTime=51
2023-03-30 09:24:14.364 INFO  (qtp1635378213-34) [ x:movie] o.a.s.c.S.Request webapp=/solr path=/select params={q=*:*&indent=true&fl=Movie_Name,Genre_s_,tmdb_Rating,User_Rating,Production_Company,Release_Date,Review_Content&q.op=OR&rows=10000&useParams=} hits=9887 status=0 QTime=52
2023-03-30 09:24:14.468 INFO  (qtp1635378213-32) [ x:movie] o.a.s.s.f.UnInvertedField UnInverted multi-valued field {field=distinct_Prd_Company,memSize=56943,tindexSize=819,time=73,phase1=73,nTerms=3683,bigTerms=0,termInstances=9900,uses=0}
2023-03-30 09:24:14.572 INFO  (qtp1635378213-32) [ x:movie] o.a.s.c.S.Request webapp=/solr path=/select params={q=*:*&json.facet={"distinct_Prd_Company":{"type":"terms","field":"distinct_Prd_Company","limit":-1,"mincount":5}}&rows=0} hits=9887 status=0 QTime=261
2023-03-30 09:24:14.592 INFO  (qtp1635378213-37) [ x:movie] o.a.s.s.f.UnInvertedField UnInverted multi-valued field {field=distinctGenre,memSize=45172,tindexSize=46,time=51,phase1=51,nTerms=19,bigTerms=13,termInstances=1938,uses=0}
2023-03-30 09:24:14.593 INFO  (qtp1635378213-38) [ x:movie] o.a.s.c.S.Request webapp=/solr path=/select params={q=*:*&indent=true&fl=Movie_Name,Genre_s_,tmdb_Rating,User_Rating,Production_Company,Release_Date,Review_Content&q.op=OR&rows=10000&useParams=} hits=9887 status=0 QTime=2
2023-03-30 09:24:14.594 INFO  (qtp1635378213-37) [ x:movie] o.a.s.c.S.Request webapp=/solr path=/select params={q=*:*&json.facet={distinctGenre:{type:terms,field:distinctGenre,limit:10000,missing:false,sort:{index:asc},facet:{}}}&facet.field={!key%3DdistinctGenre}distinctGenre&rows=0&facet=on&wt=json} hits=9887 status=0 QTime=283
2023-03-30 09:24:14.635 INFO  (qtp1635378213-41) [ x:movie] o.a.s.c.S.Request webapp=/solr path=/select params={q=*:*&json.facet={"distinct_Prd_Company":{"type":"terms","field":"distinct_Prd_Company","limit":-1,"mincount":5}}&rows=0} hits=9887 status=0 QTime=29
2023-03-30 09:24:14.651 INFO  (qtp1635378213-32) [ x:movie] o.a.s.c.S.Request webapp=/solr path=/select params={q=*:*&indent=true&fl=Movie_Name,Genre_s_,tmdb_Rating,User_Rating,Production_Company,Release_Date,Review_Content&q.op=OR&rows=10000&useParams=} hits=9887 status=0 QTime=1
2023-03-30 09:24:14.706 INFO  (qtp1635378213-60) [ x:movie] o.a.s.c.S.Request webapp=/solr path=/select params={q=*:*&json.facet={distinctGenre:{type:terms,field:distinctGenre,limit:10000,missing:false,sort:{index:asc},facet:{}}}&facet.field={!key%3DdistinctGenre}distinctGenre&rows=0&facet=on&wt=json} hits=9887 status=0 QTime=22
2023-03-30 09:24:14.718 INFO  (qtp1635378213-35) [ x:movie] o.a.s.c.S.Request webapp=/solr path=/select params={q=*:*&indent=true&fl=Movie_Name,Genre_s_,tmdb_Rating,User_Rating,Production_Company,Release_Date,Review_Content&q.op=OR&rows=10000&useParams=} hits=9887 status=0 QTime=1
